<?xml version="1.0" encoding="UTF-8"?>
<testng-results ignored="0" total="1" passed="1" failed="0" skipped="0">
  <reporter-output>
  </reporter-output>
  <suite started-at="2023-02-23T14:59:47 IST" name="Default suite" finished-at="2023-02-23T15:00:11 IST" duration-ms="23278">
    <groups>
    </groups>
    <test started-at="2023-02-23T14:59:47 IST" name="Default test" finished-at="2023-02-23T15:00:11 IST" duration-ms="23278">
      <class name="AutomationPoject1.seleniumproject.Qualification">
        <test-method signature="skill()[pri:7, instance:AutomationPoject1.seleniumproject.Qualification@1623b78d]" started-at="2023-02-23T14:59:48 IST" name="skill" finished-at="2023-02-23T15:00:11 IST" duration-ms="23239" status="PASS">
          <reporter-output>
          </reporter-output>
        </test-method> <!-- skill -->
      </class> <!-- AutomationPoject1.seleniumproject.Qualification -->
    </test> <!-- Default test -->
  </suite> <!-- Default suite -->
</testng-results>
